<?xml version="1.0" encoding="UTF-8"?>
<testsuite name="ohtuesimerkki.StatisticsTest" tests="8" skipped="0" failures="0" errors="0" timestamp="2018-11-02T16:34:09" hostname="NUKE-ZAFFIRE" time="0.003">
  <properties/>
  <testcase name="teamHasPlayers" classname="ohtuesimerkki.StatisticsTest" time="0.002"/>
  <testcase name="topScoreerThird" classname="ohtuesimerkki.StatisticsTest" time="0.0"/>
  <testcase name="topScoreerBest" classname="ohtuesimerkki.StatisticsTest" time="0.0"/>
  <testcase name="playerSearch1" classname="ohtuesimerkki.StatisticsTest" time="0.0"/>
  <testcase name="playerSearch2" classname="ohtuesimerkki.StatisticsTest" time="0.0"/>
  <testcase name="playerSearch3" classname="ohtuesimerkki.StatisticsTest" time="0.0"/>
  <testcase name="team0HasPlayers" classname="ohtuesimerkki.StatisticsTest" time="0.0"/>
  <testcase name="team2HasPlayers" classname="ohtuesimerkki.StatisticsTest" time="0.0"/>
  <system-out><![CDATA[]]></system-out>
  <system-err><![CDATA[]]></system-err>
</testsuite>
